AKT1	p.D46E
AKT1	p.E17K
AKT1	p.E49K
AKT1	p.M306T
AKT3	p.E17K
AKT3	p.G160W
AKT3	p.G265R
AKT3	p.R220H
BRAF	p.D594N
BRAF	p.D594Y
BRAF	p.G466E
BRAF	p.G469R
BRAF	p.L505H
BRAF	p.P403Lfs*8
BRAF	p.P676A
BRAF	p.T470A
BRAF	p.T599I
BRAF	p.V600E
BRAF	p.Y633C
BRCA1	p.A194V
BRCA1	p.D1778Y
BRCA1	p.E1440*
BRCA1	p.L1439F
BRCA1	p.M1673R
BRCA1	p.N1542K
BRCA1	p.P371S
BRCA1	p.R1691G
BRCA1	p.S864*
BRCA2	p.A1527P
BRCA2	p.A392V
BRCA2	p.D1868N
BRCA2	p.D2312N
BRCA2	p.D2611N
BRCA2	p.G1498A
BRCA2	p.H334Y
BRCA2	p.K3267N
BRCA2	p.L782P
BRCA2	p.R174G
BRCA2	p.R2268K
BRCA2	p.R2502H
BRCA2	p.R2973H
BRCA2	p.R3384*
BRCA2	p.S1792F
BRCA2	p.S278N
BRCA2	p.S489C
BRCA2	p.T3033Lfs*29
BRCA2	p.V1862*
DDR2	p.I488M
EGFR	p.K852R
EGFR	p.R149Q
EGFR	p.R451C
EGFR	p.S177W
EGFR	p.S229C
EGFR	p.S306L
EGFR	p.T397I
EGFR	p.V769A
EGFR	p.X433_splice
ERBB2	p.D1012N
ERBB2	p.D277Y
ERBB2	p.E395D
ERBB2	p.G776V
ERBB2	p.P197L
ERBB2	p.P523S
ERBB2	p.P780S
ERBB2	p.R103Q
ERBB2	p.R536W
ERBB2	p.R678Q
ERBB2	p.S310F
ERBB2	p.V424I
ERBB2	p.V777L
ERBB2	p.V842I
ERBB2	p.Y772_A775dup
FGFR1	p.A23S
FGFR1	p.G729S
FGFR1	p.N577K
FGFR1	p.N794D
FGFR1	p.R281W
FGFR2	p.E732K
FGFR2	p.R426Q
FGFR2	p.S797C
FGFR3	p.E135K
FGFR3	p.N430S
FGFR3	p.P768L
FGFR3	p.R196H
FGFR3	p.S249C
FGFR3	p.Y278H
FGFR3	p.Y375C
FGFR4	p.G176S
FGFR4	p.P689S
FGFR4	p.R401L
FGFR4	p.R650C
FGFR4	p.R758H
FGFR4	p.V637I
GNA11	p.L353V
GNA11	p.S225F
GNAQ	p.Q209P
GNAQ	p.T54M
GNAQ	p.T96S
KIT	p.A599S
KIT	p.D419H
KIT	p.N352S
KIT	p.R177H
KIT	p.R956W
KIT	p.S840N
KIT	p.W246*
MTOR	p.A1271T
MTOR	p.A1428T
MTOR	p.L1642F
MTOR	p.L2138F
MTOR	p.P568S
MTOR	p.R1514Q
MTOR	p.R1640W
MTOR	p.R1905G
MTOR	p.R2152C
MTOR	p.S2215F
MTOR	p.T1977R
NF1	p.A1224V
NF1	p.E1123K
NF1	p.E217D
NF1	p.E2501*
NF1	p.G1702C
NF1	p.G2001E
NF1	p.H31Yfs*6
NF1	p.M799T
NF1	p.P678Rfs*10
NF1	p.Q1235*
NF1	p.R1534*
NF1	p.R2450*
NF1	p.R2486M
NF1	p.R2637*
NF1	p.S1567*
NF1	p.S2117F
NF1	p.V723Wfs*25
NF1	p.X1757_splice
NF1	p.X464_splice
NF1	p.X667_splice
NF1	p.X96_splice
NF2	p.E38D
NF2	p.E394K
NF2	p.Q362*
NRAS	p.A91V
NRAS	p.G12D
NRAS	p.Q61L
NRAS	p.Q61R
PIK3CA	p.C420R
PIK3CA	p.D1017N
PIK3CA	p.D350G
PIK3CA	p.D549Y
PIK3CA	p.E109fs
PIK3CA	p.E453Q
PIK3CA	p.E542K
PIK3CA	p.E542L
PIK3CA	p.E545A
PIK3CA	p.E545G
PIK3CA	p.E545K
PIK3CA	p.E726K
PIK3CA	p.H1047L
PIK3CA	p.H1047R
PIK3CA	p.H1047Y
PIK3CA	p.K111N
PIK3CA	p.N1044K
PIK3CA	p.N345K
PIK3CA	p.Q546K
PIK3CA	p.Q546P
PIK3CA	p.Q75E
PIK3CA	p.R115P
PIK3CA	p.R88Q
PIK3CA	p.R93L
PIK3CA	p.V344M
PIK3CA	p.Y1021C
PTCH1	p.N555S
PTCH1	p.N802S
PTCH1	p.P943S
PTCH1	p.R1303H
PTCH1	p.R1308Qfs*17
PTCH1	p.R783W
PTCH1	p.S1203Afs*52
PTCH1	p.T1229M
PTCH1	p.V1081M
PTCH1	p.V1164I
PTCH1	p.V674Gfs*19
PTCH1	p.V763Gfs*27
PTEN	p.A126P
PTEN	p.C105Y
PTEN	p.D310G
PTEN	p.D92Y
PTEN	p.E157Gfs*23
PTEN	p.E201*
PTEN	p.E284*
PTEN	p.E73Q
PTEN	p.F347V
PTEN	p.G251V
PTEN	p.H93Y
PTEN	p.K267Rfs*9
PTEN	p.L181P
PTEN	p.M134I
PTEN	p.N184Efs*6
PTEN	p.P246L
PTEN	p.P354Q
PTEN	p.P38T
PTEN	p.Q245*
PTEN	p.R335*
PTEN	p.S227F
PTEN	p.T131N
PTEN	p.T319*
PTEN	p.X267_splice
PTEN	p.X55_splice
PTEN	p.X70_splice
SMO	p.A524V
SMO	p.P694Lfs*82
SMO	p.P705S
SMO	p.R138Q
SMO	p.R512H
TSC1	p.A659T
TSC1	p.H1161D
TSC1	p.K167N
TSC1	p.R160H
TSC2	p.A1429V
TSC2	p.A86V
TSC2	p.E392*
TSC2	p.H1543R
TSC2	p.R1751C
TSC2	p.R585C
TSC2	p.R628H
TSC2	p.S1433L
