ABCC3	AMPLIFICATION
AKT2	AMPLIFICATION
ALK	AMPLIFICATION
ASNS	AMPLIFICATION
AURKA	AMPLIFICATION
BIRC7	AMPLIFICATION
BRAF	AMPLIFICATION
CCND1	AMPLIFICATION
CCNE1	AMPLIFICATION
CDK4	AMPLIFICATION
EGFR	AMPLIFICATION
ERBB2	AMPLIFICATION
FGF3	AMPLIFICATION
FGFR1	AMPLIFICATION
FGFR2	AMPLIFICATION
KIT	AMPLIFICATION
KRAS	AMPLIFICATION
MAPK1	AMPLIFICATION
MET	AMPLIFICATION
MYCN	AMPLIFICATION
NOTCH1	AMPLIFICATION
NTRK1	AMPLIFICATION
NTRK3	AMPLIFICATION
PDGFRA	AMPLIFICATION
PIK3CA	AMPLIFICATION
RAF1	AMPLIFICATION
RICTOR	AMPLIFICATION
RSF1	AMPLIFICATION
TLK2	AMPLIFICATION
TOP1	AMPLIFICATION
TYMS	AMPLIFICATION
