ABCB1	p.I1145I
ABCB1	p.S893T
ABCC3	AMPLIFICATION
ABL1	ABL1-RCSD
ABL1	ABL1-RCSD1
ABL1	BCR-ABL
ABL1	ETV6-ABL1
ABL1	FOXP1-ABL1
ABL1	PHOSPHORYLATION
ABL1	SNX2-ABL1
ABL1	p.A397P
ABL1	p.C475V
ABL1	p.D276G
ABL1	p.D363G
ABL1	p.E255K
ABL1	p.E255V
ABL1	p.E279K
ABL1	p.E292V
ABL1	p.E355G
ABL1	p.E453A
ABL1	p.E459K
ABL1	p.E98G
ABL1	p.F311L
ABL1	p.F317C
ABL1	p.F317I
ABL1	p.F317L
ABL1	p.F317R
ABL1	p.F317S
ABL1	p.F317V
ABL1	p.F359C
ABL1	p.F359I
ABL1	p.F359V
ABL1	p.F486S
ABL1	p.G250E
ABL1	p.G340L
ABL1	p.G398R
ABL1	p.H396P
ABL1	p.H396R
ABL1	p.L248R
ABL1	p.L248V
ABL1	p.L384M
ABL1	p.L387F
ABL1	p.M244V
ABL1	p.M343T
ABL1	p.M351T
ABL1	p.N336S
ABL1	p.Q252H
ABL1	p.Q300R
ABL1	p.R351W
ABL1	p.T315A
ABL1	p.T315I
ABL1	p.T315V
ABL1	p.V299L
ABL1	p.V379I
ABL1	p.Y253F
ABL1	p.Y253H
ABL2	FUSIONS
AKT1	p.D3N
AKT1	p.E17K
AKT1	p.H238Y
AKT1	p.Q79K
AKT2	AMPLIFICATION
AKT2	CNA
AKT2	p.A139V
AKT3	OVEREXPRESSION
AKT3	any
AKT3	p.E17K
ALK	AMPLIFICATION
ALK	CAD-ALK
ALK	CLTC-ALK
ALK	CNA
ALK	DEL4-11
ALK	EML4-ALK
ALK	FUSIONS
ALK	MUTATION
ALK	NPM-ALK
ALK	RANBP2-ALK
ALK	STRN-ALK
ALK	any
ALK	p.1151in_frame_insT
ALK	p.A348D
ALK	p.C1156Y
ALK	p.C1156Y-L1198F
ALK	p.C928Y
ALK	p.CAD-ALK
ALK	p.CLTC-ALK
ALK	p.E20;A20
ALK	p.E2;A20
ALK	p.E6;A20
ALK	p.F1174C
ALK	p.F1174L
ALK	p.F1174V
ALK	p.F1245C
ALK	p.F1245V
ALK	p.F856S
ALK	p.G1128A
ALK	p.G1202R
ALK	p.G1269A
ALK	p.I1171
ALK	p.I1171N
ALK	p.I1171S
ALK	p.I1171T
ALK	p.L1152R
ALK	p.L1196M
ALK	p.P1218S
ALK	p.P1543S
ALK	p.P157H
ALK	p.P379S
ALK	p.R1192P
ALK	p.R1275Q
ALK	p.S1206Y
ALK	p.V1180L
ALK	p.V1476M
APC	MUTATION
AR	MUTATION
AR	OVEREXPRESSION
AR	p.A52T
AR	p.F876L
AR	p.F877L
AR	p.S244L
AR	p.T877A
AR	p.W742
ARAF	p.S214C
ARAF	p.S490T
ARID1A	p.P1175FS*5
ARID1A	p.Q456*
ASNS	AMPLIFICATION
ASS1	LOSS
ATIC-ALK	any
ATM	CNL
ATM	MUTATION
ATM	p.A2062V
ATM	p.C2488Y
ATM	p.D1682H
ATM	p.D1930V
ATM	p.E2187*
ATM	p.F1025L
ATM	p.F2732V
ATM	p.K293*
ATM	p.L2427P
ATM	p.N2875H
ATM	p.Q2762R
ATM	p.R3008C
ATM	p.T2666A
ATM	p.V2288FS*1
AURKA	AMPLIFICATION
AURKA	OVEREXPRESSION
B2M	p.S14FS
BAP1	MUTATION
BCL2	CNA
BCR-ABL1	any
BCR-ABL1	p.E255K
BCR-ABL1	p.E25V
BCR-ABL1	p.E810G
BCR-ABL1	p.F317C
BCR-ABL1	p.F317I
BCR-ABL1	p.F317L
BCR-ABL1	p.F317V
BCR-ABL1	p.F359V
BCR-ABL1	p.F35C
BCR-ABL1	p.F35I
BCR-ABL1	p.G1079D
BCR-ABL1	p.I1146T
BCR-ABL1	p.T315A
BCR-ABL1	p.T315I
BCR-ABL1	p.V299L
BCR-ABL1	p.V587M
BCR-ABL1	p.Y253H
BCR-JAK2	any
BCR-PDGFRA	any
BCR-RET	any
BIRC5	OVEREXPRESSION
BIRC7	AMPLIFICATION
BRAF	AGK-BRAF
BRAF	AMPLIFICATION
BRAF	BRAF-CUL1
BRAF	CUX1-BRAF
BRAF	KIAA1549-BRAF
BRAF	MUTATION
BRAF	NRF1-BRAF
BRAF	PAPSS1-BRAF
BRAF	PPFIBP2-BRAF
BRAF	TRIM24-BRAF
BRAF	ZKSCAN1-BRAF
BRAF	any
BRAF	p.A712T
BRAF	p.CUX1-BRAF
BRAF	p.D594A
BRAF	p.D594G
BRAF	p.D594K
BRAF	p.D594V
BRAF	p.E204L
BRAF	p.E375D
BRAF	p.G464V
BRAF	p.G466V
BRAF	p.G469
BRAF	p.G469A
BRAF	p.G469E
BRAF	p.G596C
BRAF	p.K483M
BRAF	p.K601E
BRAF	p.K601R
BRAF	p.KIAA1549-BRAF
BRAF	p.L505H
BRAF	p.L597Q
BRAF	p.L597R
BRAF	p.L597S
BRAF	p.L597V
BRAF	p.N486_P490del
BRAF	p.N581Y
BRAF	p.P74A
BRAF	p.V600
BRAF	p.V600D
BRAF	p.V600E
BRAF	p.V600K
BRAF	p.V600M
BRAF	p.V600R
BRAF	p.V600_K601>E
BRAF	p.Y472C
BRCA1	CNL
BRCA1	MUTATION
BRCA1	any frameshift mutation
BRCA1	any nonsense mutation
BRCA1	mutation
BRCA1	p.A1623G
BRCA1	p.A1708E
BRCA1	p.C61G
BRCA1	p.C64Y
BRCA1	p.D1692N
BRCA1	p.E1559K
BRCA1	p.G1706E
BRCA1	p.G1738R
BRCA1	p.G1788V
BRCA1	p.I1766S
BRCA1	p.L1764P
BRCA1	p.M1689R
BRCA1	p.M18T
BRCA1	p.M1I
BRCA1	p.M1V
BRCA1	p.Q1467*
BRCA1	p.R1443*
BRCA1	p.R1495M
BRCA1	p.R1699W
BRCA1	p.R71G
BRCA1	p.R71K
BRCA1	p.S1715R
BRCA1	p.T1685A
BRCA1	p.T1685I
BRCA1	p.V1688del
BRCA1	p.W1815X
BRCA2	CNL
BRCA2	MUTATION
BRCA2	any frameshift mutation
BRCA2	any nonsense mutation
BRCA2	mutation
BRCA2	p.D3095E
BRCA2	p.E2663V
BRCA2	p.G2748D
BRCA2	p.I2627F
BRCA2	p.K3226*
BRCA2	p.L2653P
BRCA2	p.M1I
BRCA2	p.M1R
BRCA2	p.R2336H
BRCA2	p.R2336P
BRCA2	p.R2502C
BRCA2	p.R2659K
BRCA2	p.T2722R
BRCA2	p.V159M
BRCA2	p.V211I
BRCA2	p.V211L
BRCA2	p.W2626C
BRD4	BRD4-NUTM1
BRD4	any
BTK	p.C481S
BTK	p.T316A
CBL	p.C384R
CBL	p.Y371H
CCND1	AMPLIFICATION
CCND1	CNA
CCND1	OVEREXPRESSION
CCND2	CNA
CCND3	CNA
CCND3	LOSS
CCNE1	AMPLIFICATION
CCNE1	CNA
CCNE1	OVEREXPRESSION
CD274	CNA
CD74-ROS1	any
CDK4	AMPLIFICATION
CDK4	CNA
CDK4	p.R24C
CDK5RAP2-PDGFRA	any
CDK6	CNA
CDK6	OVEREXPRESSION
CDKN2A	CNL
CDKN2A	LOSS
CDKN2B	CNL
CDKN2B	LOSS
CDKN2C	CNL
CHEK1	OVEREXPRESSION
CLTC-ALK	any
COL1A1-PDGFRB	any
CRBN	MUTATION
CRLF2	any
CSF1R	MEF2D-CSF1R
CSF1R	p.Y571D
CSF3R	p.D771fs
CSF3R	p.Q741X
CSF3R	p.S783fs
CSF3R	p.T615A
CSF3R	p.T618I
CSF3R	p.W791X
CSF3R	p.Y752X
CTAG1B	OVEREXPRESSION
CTAG2	OVEREXPRESSION
CTLA4	CTLA4-CD28
CTLA4	p.CTLA4-CD28
CTNNB1	MUTATION
CTNNB1	p.D32V
CTNNB1	p.H36Y
CTNNB1	p.R582Q
CTNNB1	p.S37C
CTNNB1	p.S37Y
DDR2	p.G253C
DDR2	p.G505S
DDR2	p.G774V
DDR2	p.I638F
DDR2	p.L239R
DDR2	p.L63V
DDR2	p.S768R
DDX43	OVEREXPRESSION
DNMT3A	MUTATION
DNMT3A	p.R882
DPYD	DELETION
EGFR	AMPLIFICATION
EGFR	CNA
EGFR	DELETION
EGFR	EGFR-RAD51
EGFR	INSERTION
EGFR	MUTATION
EGFR	OVEREXPRESSION
EGFR	PHOSPHORYLATION
EGFR	VARIATION
EGFR	any
EGFR	p.A289V
EGFR	p.A763_Y764insFQEA
EGFR	p.A767_V769dupASV
EGFR	p.A864T
EGFR	p.C797S
EGFR	p.C797Y
EGFR	p.D761Y
EGFR	p.D770_N771insGL
EGFR	p.D770_N771insGT
EGFR	p.D770_N771insGY
EGFR	p.D770_N771insSVD
EGFR	p.E690K
EGFR	p.E734Q
EGFR	p.E746G
EGFR	p.E746_A750del
EGFR	p.E746_T751>I
EGFR	p.E868G
EGFR	p.ELR746in_frame_del
EGFR	p.ELREA746in_frame_del
EGFR	p.G465R
EGFR	p.G598V
EGFR	p.G719
EGFR	p.G719A
EGFR	p.G719C
EGFR	p.G719D
EGFR	p.G719S
EGFR	p.G724S
EGFR	p.Gain-of-function
EGFR	p.H773_V774insH
EGFR	p.H773_V774insNPH
EGFR	p.I491M
EGFR	p.K209N
EGFR	p.K467T
EGFR	p.K757R
EGFR	p.L747S
EGFR	p.L747_P753delinsS
EGFR	p.L747_S752delinsQ
EGFR	p.L838P
EGFR	p.L838V
EGFR	p.L858R
EGFR	p.L861
EGFR	p.L861P
EGFR	p.L861Q
EGFR	p.L861R
EGFR	p.M766_A767insAI
EGFR	p.N826S
EGFR	p.P546S
EGFR	p.P753S
EGFR	p.P772_H773insYNP
EGFR	p.P772_V774insPHV
EGFR	p.R108K
EGFR	p.R451C
EGFR	p.R776C
EGFR	p.R831H
EGFR	p.R973Q
EGFR	p.R98Q
EGFR	p.S464L
EGFR	p.S492R
EGFR	p.S720
EGFR	p.S768I
EGFR	p.T263P
EGFR	p.T751I
EGFR	p.T785A
EGFR	p.T790M
EGFR	p.V1011M
EGFR	p.V742A
EGFR	p.V769_770insASV
EGFR	p.V774A
EGFR	p.V834I
EGFR	p.V843I
EGFR	p.V851I
EGFR	p.W1157C
EGFR	p.W731L
EGFR	p.WILDTYPE
EGFR	p.Y1069C
EGFR	p.Y764_V765insHH
EGFR	p.Y801H
EIF4EBP1	PHOSPHORYLATION
EML1-ABL1	any
EML4-ALK	any
EPHA2	p.G391R
ERBB2	AMPLIFICATION
ERBB2	CNA
ERBB2	MUTATION
ERBB2	OVEREXPRESSION
ERBB2	p.A859T
ERBB2	p.C311R
ERBB2	p.C334S
ERBB2	p.D769H
ERBB2	p.D769Y
ERBB2	p.E321G
ERBB2	p.G309A
ERBB2	p.G309E
ERBB2	p.G776L
ERBB2	p.G778_P780DUP
ERBB2	p.H878Y
ERBB2	p.L720P
ERBB2	p.L755S
ERBB2	p.L755W
ERBB2	p.L866M
ERBB2	p.M774DELINSWLV
ERBB2	p.N857S
ERBB2	p.P780INS
ERBB2	p.R678Q
ERBB2	p.R896C
ERBB2	p.S310F
ERBB2	p.S310F/Y
ERBB2	p.S310Y
ERBB2	p.T862A
ERBB2	p.V659E
ERBB2	p.V773A
ERBB2	p.V777L
ERBB2	p.V842I
ERBB2	p.Y772_A775DUP
ERBB3	OVEREXPRESSION
ERBB3	p.G284R
ERBB3	p.P262H
ERBB3	p.Q809R
ERBB3	p.R103G
ERBB3	p.V104M
ERBB3	p.V855A
ERBB4	MUTATION
ERBB4	any
ERBB4	p.E317K
ERBB4	p.E452K
ERBB4	p.E542K
ERBB4	p.E872K
ERBB4	p.R393W
ERBB4	p.R544W
ERCC2	p.K751Q
ERRFI1	p.E384*
ESR1	OVEREXPRESSION
ESR1	any
ESR1	p.D538G
ESR1	p.E380Q
ESR1	p.L536Q
ESR1	p.P535H
ESR1	p.S463P
ESR1	p.Y537C
ESR1	p.Y537N
ESR1	p.Y537S
ETS	any
ETV6-ABL1	any
EWS	any
EZH2	p.Y646
EZH2	p.Y646F
FBXW7	MUTATION
FGF3	AMPLIFICATION
FGF3	CNA
FGF4	CNA
FGFR1	AMPLIFICATION
FGFR1	CNA
FGFR1	FGFR1OP2-FGFR1
FGFR1	ZNF198-FGFR1
FGFR1	p.N546K
FGFR1	p.T79A
FGFR2	AMPLIFICATION
FGFR2	CNA
FGFR2	FGFR2-AHCYL1
FGFR2	FGFR2-BICC1
FGFR2	FGFR2-MGEA5
FGFR2	FGFR2-TACC3
FGFR2	FUSION
FGFR2	FUSIONS
FGFR2	MUTATION
FGFR2	any
FGFR2	p.E566G
FGFR2	p.I548V
FGFR2	p.K660E
FGFR2	p.K660N
FGFR2	p.L618M
FGFR2	p.M536I
FGFR2	p.M538I
FGFR2	p.N549K
FGFR2	p.N550H
FGFR2	p.N550K
FGFR2	p.N550S
FGFR2	p.P253R
FGFR2	p.S252W
FGFR2	p.S320C
FGFR2	p.V565I
FGFR2	p.W290C
FGFR3	FGFR3-BAIAP2L1
FGFR3	FGFR3-TACC3
FGFR3	FUSIONS
FGFR3	MUTATION
FGFR3	any
FGFR3	p.S249C
FGFR3	p.S773F
FGFR3	p.V555M
FGFR3	p.Y373C
FIP1L1-PDGFRA	any
FLT1	p.S1277N
FLT3	MUTATION
FLT3	OVEREXPRESSION
FLT3	p.D835
FLT3	p.D835H
FLT3	p.D835H/Y
FLT3	p.D835V
FLT3	p.D835Y
FLT3	p.P937H
FLT3	p.Q910*
FLT3	p.R311W
FLT3	p.T227M
FLT3	p.V592A
FOS	OVEREXPRESSION
FRS2	CNA
GNA11	MUTATION
GNA11	p.Q209L
GNA11	p.Q209P
GNAQ	MUTATION
GNAQ	p.Q209
GNAQ	p.Q209P
GNAS	p.R201C
GNAS	p.R201H
GNAS	p.T393C
GSTP1	DELETION
GSTP1	p.I105V
H3-3A	p.K27M
HAVCR2	OVEREXPRESSION
HDAC2	p.P5S
HDAC3	p.P23R
HDAC8	p.R223fs
HGF	CNA
HRAS	MUTATION
HRAS	p.G13D
HSP90AA1	p.R467Q
HSP90AB1	p.V575A
HSP90AB4P	p.I354in_frame_del
HSP90B1	p.E758Q
HSP90B1	p.E791in_frame_del
HSP90B3P	p.K348fs
HSPH1	DELETION
IDH1	MUTATION
IDH1	p.R132
IDH1	p.R132C
IDH1	p.R132H
IDH2	MUTATION
IDH2	p.R140Q
IDH2	p.R172K
IGF1R	p.A828T
IGF1R	p.D1146N
IGF1R	p.L360F
IGF2	OVEREXPRESSION
IL6	OVEREXPRESSION
INI1	CNL
JAK1	OVEREXPRESSION
JAK1	p.Q503*
JAK1	p.S646F
JAK1	p.S703I
JAK2	MUTATION
JAK2	SSBP2-JAK2
JAK2	any
JAK2	p.F694L
JAK2	p.V617F
JAK3	p.A572V
JAK3	p.A573V
JAK3	p.I87T
JAK3	p.Q501H
JAK3	p.R657Q
JUN	OVEREXPRESSION
KDR	p.A1065T
KDR	p.D392N
KDR	p.D717V
KDR	p.E685G
KDR	p.G1145R
KDR	p.G255R
KDR	p.G424D
KDR	p.H1213Q
KDR	p.I915T
KDR	p.Q2R
KDR	p.R791Q
KDR	p.R961W
KIF5B-RET	any
KIT	AMPLIFICATION
KIT	CNA
KIT	DUPLICATION
KIT	MUTATION
KIT	p.A502_Y503insAY
KIT	p.A829P
KIT	p.C809G
KIT	p.D419in_frame_del
KIT	p.D52N
KIT	p.D579DEL
KIT	p.D816E
KIT	p.D816H
KIT	p.D816V
KIT	p.D820A
KIT	p.D820E
KIT	p.D820G
KIT	p.D820Y
KIT	p.H687Y
KIT	p.H697Y
KIT	p.K484_G487DEL
KIT	p.K509I
KIT	p.K550_K558del
KIT	p.K550_W557del
KIT	p.K558NP
KIT	p.K558_V559del
KIT	p.K642E
KIT	p.L160W
KIT	p.L576P
KIT	p.M541L
KIT	p.M882V
KIT	p.N655K
KIT	p.N822K
KIT	p.P551_E554delPMYE
KIT	p.S628N
KIT	p.T417_D419delinsY
KIT	p.T670I
KIT	p.V555_V559DEL
KIT	p.V559A
KIT	p.V559D
KIT	p.V559I
KIT	p.V560D
KIT	p.V560DEL
KIT	p.V560G
KIT	p.V560_L576DEL
KIT	p.V560in_frame_del
KIT	p.V569_L576DEL
KIT	p.V654A
KIT	p.W557R
KIT	p.W557_K558DELWK
KIT	p.WILDTYPE
KIT	p.Y553N
KIT	p.Y823D
KLC1-ALK	any
KRAS	AMPLIFICATION
KRAS	CNA
KRAS	MUTATION
KRAS	p.A146P
KRAS	p.A146T
KRAS	p.A146V
KRAS	p.G12/G13
KRAS	p.G12A
KRAS	p.G12C
KRAS	p.G12D
KRAS	p.G12R
KRAS	p.G12S
KRAS	p.G12V
KRAS	p.G13D
KRAS	p.G13V
KRAS	p.K117N
KRAS	p.Q22*
KRAS	p.Q61
KRAS	p.Q61H
KRAS	p.Q61K
KRAS	p.Q61L
KRAS	p.Q61R
LRP1B	DELETION
MAP2K1	p.C121S
MAP2K1	p.D67N
MAP2K1	p.E120D
MAP2K1	p.E203K
MAP2K1	p.F129L
MAP2K1	p.F133L
MAP2K1	p.G128D
MAP2K1	p.H119P
MAP2K1	p.I103N
MAP2K1	p.I111N
MAP2K1	p.I111S
MAP2K1	p.I99T
MAP2K1	p.K104N
MAP2K1	p.K57E
MAP2K1	p.K57N
MAP2K1	p.L215P
MAP2K1	p.P124L
MAP2K1	p.P124S
MAP2K1	p.Q56P
MAP2K1	p.Q56_V60del
MAP2K1	p.R49C
MAP2K1	p.V211D
MAP2K1	p.Y134C
MAP2K2	p.C125S
MAP2K2	p.L46F
MAP2K2	p.N126D
MAP2K2	p.Q60P
MAP2K2	p.V35M
MAPK1	AMPLIFICATION
MAPK1	p.E322K
MAPK14	p.E71K
MAPK14	p.P322R
MAPK8	p.C79Y
MDM2	CNA
MDM2	p.C314Y
MDM2	p.K369fs
MDM4	CNA
MERTK	OVEREXPRESSION
MET	AMPLIFICATION
MET	CNA
MET	MUTATION
MET	OVEREXPRESSION
MET	any
MET	p.D1228N
MET	p.D1228V
MET	p.D1240N
MET	p.E815D
MET	p.H1049R
MET	p.H1094R
MET	p.H1112L
MET	p.L530V
MET	p.M1250I
MET	p.M1268T
MET	p.R1004G
MET	p.R988C
MET	p.T1010I
MET	p.V1092I
MET	p.V941L
MET	p.Y1230C
MET	p.Y1235D
MGMT	CNL
MITF	CNA
MLL	any
MPL	p.W515F
MRE11	LOSS
MRE11	MUTATION
MSH2	LOSS
MSH6	LOSS
MTHFR	p.A222V
MTOR	MUTATION
MTOR	p.A1134V
MTOR	p.A2034V
MTOR	p.C1483Y
MTOR	p.E1799K
MTOR	p.E2014K
MTOR	p.E2419K
MTOR	p.F2108L
MTOR	p.H1968Y
MTOR	p.I1973F
MTOR	p.K1771R
MTOR	p.L1460P
MTOR	p.M2327I
MTOR	p.N1421D
MTOR	p.P2213S
MTOR	p.P453L
MTOR	p.Q2223K
MTOR	p.R1208C
MTOR	p.R2152C
MTOR	p.R2505P
MTOR	p.S2215Y
MYC	CNA
MYC	OVEREXPRESSION
MYCN	AMPLIFICATION
MYCN	CNA
MYD88	OVEREXPRESSION
MYD88	p.L265P
NF1	CNL
NF1	LOSS
NF1	MUTATION
NF1	p.D1644A
NF2	CNL
NF2	LOSS
NF2	MUTATION
NF2	p.K159FS*16
NF2	p.Y177FS
NFE2L2	MUTATION
NOTCH1	AMPLIFICATION
NOTCH1	any
NOTCH2	any
NPM-ALK	any
NPM1	MUTATION
NPM1	p.W288FS
NQO1	p.P187S
NRAS	MUTATION
NRAS	p.G12A
NRAS	p.G12C
NRAS	p.G12D
NRAS	p.G12S
NRAS	p.G12V
NRAS	p.G13D
NRAS	p.Q179X
NRAS	p.Q61
NRAS	p.Q61E
NRAS	p.Q61H
NRAS	p.Q61K
NRAS	p.Q61L
NRAS	p.Q61P
NRAS	p.Q61R
NRG1	APP-NRG1
NRG1	ATP1B1-NRG1
NRG1	FUSIONS
NRG1	SDC4-NRG1
NRG1	any
NT5C2	p.D407A
NT5C2	p.K359Q
NT5C2	p.R238W
NT5C2	p.R367Q
NT5C2	p.S445F
NT5E	OVEREXPRESSION
NTRK1	AMPLIFICATION
NTRK1	FUSIONS
NTRK1	LMNA-NTRK1
NTRK1	NTRK1-DDR2
NTRK1	NTRK1-GON4L
NTRK1	NTRK1-TRIM63
NTRK1	PDE4DIP-NTRK1
NTRK1	SQSTM1-NTRK1
NTRK1	TMP3-NTRK1
NTRK1	any
NTRK1	p.G667C
NTRK1	p.R748W
NTRK2	ETV6-NTRK2
NTRK2	STRN-NTRK2
NTRK3	AMPLIFICATION
NTRK3	ETV6-NTRK3
NTRK3	FUSIONS
NTRK3	any
NTRK3	p.G623R
NUP214-ABL1	any
PARP1	OVEREXPRESSION
PARP1	p.P850L
PBK	OVEREXPRESSION
PDGFB	COL1A1-PDGFB
PDGFB	p.COL1A1-PDGFB
PDGFRA	AMPLIFICATION
PDGFRA	BCR-PDGFRA
PDGFRA	FIP1L1-PDGFRA
PDGFRA	OVEREXPRESSION
PDGFRA	TNKS2-PDGFRA
PDGFRA	any
PDGFRA	p.D842I
PDGFRA	p.D842V
PDGFRA	p.D842Y
PDGFRA	p.D842_I843delinsVM
PDGFRA	p.D846Y
PDGFRA	p.E241D
PDGFRA	p.G853D
PDGFRA	p.H845Y
PDGFRA	p.I843DEL
PDGFRA	p.N848I
PDGFRA	p.N848K
PDGFRA	p.P577S
PDGFRA	p.R841K
PDGFRA	p.T124fs
PDGFRA	p.T266P
PDGFRA	p.T674I
PDGFRA	p.V561A
PDGFRA	p.V561D
PDGFRA	p.V658A
PDGFRA	p.Y849K
PDGFRA	p.Y98*
PDGFRB	EBF1-PDGFRB
PDGFRB	FUSIONS
PDGFRB	OVEREXPRESSION
PDGFRB	any 
PDGFRB	p.D166G
PDGFRB	p.E1069K
PDGFRB	p.G181V
PDGFRB	p.L883M
PDGFRB	p.T882I
PDGFRB	p.T88I
PIK3CA	AMPLIFICATION
PIK3CA	CNA
PIK3CA	MUTATION
PIK3CA	p.D350G
PIK3CA	p.E542K
PIK3CA	p.E545G
PIK3CA	p.E545K
PIK3CA	p.H1047R
PIK3CA	p.P471L
PIK3CA	p.V955I
PIK3CB	p.A686T
PIK3CG	p.T827R
PIK3CG	p.Y672*
PIK3R1	MUTATION
PIK3R2	p.A171V
PIK3R2	p.N561D
PLCG2	p.L845F
PLCG2	p.R665W
PLK1	p.S107N
PLK2	p.D560V
PML	MUTATION
PML	PML-RARA
PML	p.A216V
PML	p.L218P
PML-RARA	any
PMS2	p.K706FS*19
POLD1	p.C284Y
POLD1	p.E374K
POLE	MUTATION
PREX2	p.R172I
PRKAA2	PHOSPHORYLATION
PRKCE	p.E149K
PRKCE	p.P507A
PRKCSH	p.E325in_frame_del
PRKDC	p.L1244fs
PRPS1	p.A190T
PRPS1	p.D183E
PRPS1	p.K176N
PRPS1	p.L191F
PRPS1	p.N144S
PRPS1	p.S103I
PRPS1	p.S103N
PRPS1	p.S103T
PRPS1	p.T303S
PTCH1	CNL
PTCH1	LOH
PTCH1	MUTATION
PTEN	CNL
PTEN	DELETION
PTEN	LOSS
PTEN	MUTATION
PTEN	p.R130*
PTEN	p.R233*
PTEN	p.V317FS
PTGS2	OVEREXPRESSION
PTP4A3	OVEREXPRESSION
PTPN11	p.R498W
PTPRD	MUTATION
PTPRD	p.V253I
RAC1	p.P29S
RAD50	p.L1237F
RAF1	AMPLIFICATION
RAF1	any
RAF1	p.G361A
RAF1	p.S257P
RANBP2-ALK	any
RB1	CNL
RB1	MUTATION
RB1	OVEREXPRESSION
RB1	PHOSPHORYLATION
RB1	p.M695FS*26
RCSD1-ABL1	any
RET	CCDC6-RET
RET	CNA
RET	FUSIONS
RET	KIF5B-RET
RET	OVEREXPRESSION
RET	any
RET	p.A45T
RET	p.C634F
RET	p.C634R
RET	p.C634W
RET	p.C634Y
RET	p.CCDC6-RET
RET	p.KIF5B-RET
RET	p.L746M
RET	p.M918T
RET-PTC1	any
RICTOR	AMPLIFICATION
RIT1	MUTATION
ROS1	GOPC-ROS1
ROS1	TFG-ROS1
ROS1	any
ROS1	p.G2032R
ROS1	p.G2101A
ROS1	p.GOPC-ROS1
ROS1	p.L2026M
ROS1	p.L2155S
RPS6	PHOSPHORYLATION
RPS6KA2	p.A657S
RPS6KA4	p.S236L
RPS6KA6	p.R310S
RRM1	OVEREXPRESSION
RRM2	OVEREXPRESSION
RSF1	AMPLIFICATION
RUNX1	MUTATION
SF3B1	p.K666N
SF3B1	p.K700E
SGK1	OVEREXPRESSION
SIRT1	OVEREXPRESSION
SLCO1B1	p.N130D
SMAD4	DELETION
SMAD4	MUTATION
SMARCB1	CNL
SMARCB1	DELETION
SMO	MUTATION
SMO	p.A459V
SMO	p.D473H
SMO	p.D473Y
SMO	p.G497W
SMO	p.L412F
SMO	p.V321M
SMO	p.W281L
SOX10	LOSS
SQSTM1-ALK	any
SRC	p.V380M
STK11	CNL
STK11	LOSS
STK11	MUTATION
STK11	p.D194E
SUZ12	CNL
SYK	OVEREXPRESSION
TBK1	OVEREXPRESSION
TFG-ALK	any
TIMP1	OVEREXPRESSION
TLK2	AMPLIFICATION
TMPRSS2	any
TOP1	AMPLIFICATION
TOP2A	CNA
TP53	ALTERATION
TP53	MUTATION
TP53	OVEREXPRESSION
TP53	p.G245S
TP53	p.M237I
TP53	p.P47S
TP53	p.R158H
TP53	p.R158L
TP53	p.R175H
TP53	p.R213P
TP53	p.R248Q
TP53	p.R248W
TP53	p.R249
TP53	p.R249S
TP53	p.R273C
TP53	p.R273H
TP53	p.R273L
TP53	p.R280K
TP53	p.R280T
TP53	p.R282L
TP53	p.V157F
TP53	p.Y220C
TP53	p.Y234C
TPM3-ALK	any
TPM4-ALK	any
TRIM33-RET	any
TSC2	p.Q1178*
TYMS	AMPLIFICATION
VEGFA	CNA
VHL	LOSS
VHL	MUTATION
WT1	MUTATION
XRCC1	p.Q399R
XRCC1	p.R194W
